CRITICAL - 2025-09-26 01:44:31 --> CodeIgniter\View\Exceptions\ViewException: Invalid file: "inicio.html"
[Method: GET, Route: inicio.html]
in SYSTEMPATH\Exceptions\FrameworkException.php on line 39.
 1 SYSTEMPATH\View\View.php(214): CodeIgniter\Exceptions\FrameworkException::forInvalidFile('inicio.html')
 2 SYSTEMPATH\Common.php(1167): CodeIgniter\View\View->render('inicio.html', [], true)
 3 APPPATH\Config\Routes.php(65): view('inicio.html')
 4 SYSTEMPATH\CodeIgniter.php(875): CodeIgniter\Router\RouteCollection->{closure}('inicio')
 5 SYSTEMPATH\CodeIgniter.php(494): CodeIgniter\CodeIgniter->startController()
 6 SYSTEMPATH\CodeIgniter.php(354): CodeIgniter\CodeIgniter->handleRequest(null, Object(Config\Cache), false)
 7 SYSTEMPATH\Boot.php(363): CodeIgniter\CodeIgniter->run()
 8 SYSTEMPATH\Boot.php(68): CodeIgniter\Boot::runCodeIgniter(Object(CodeIgniter\CodeIgniter))
 9 FCPATH\index.php(59): CodeIgniter\Boot::bootWeb(Object(Config\Paths))
10 SYSTEMPATH\rewrite.php(44): require_once('C:\\xampp\\htdocs\\proyectos\\RENAP\\public\\index.php')
CRITICAL - 2025-09-26 01:44:35 --> CodeIgniter\View\Exceptions\ViewException: Invalid file: "inicio.html"
[Method: GET, Route: inicio.html]
in SYSTEMPATH\Exceptions\FrameworkException.php on line 39.
 1 SYSTEMPATH\View\View.php(214): CodeIgniter\Exceptions\FrameworkException::forInvalidFile('inicio.html')
 2 SYSTEMPATH\Common.php(1167): CodeIgniter\View\View->render('inicio.html', [], true)
 3 APPPATH\Config\Routes.php(65): view('inicio.html')
 4 SYSTEMPATH\CodeIgniter.php(875): CodeIgniter\Router\RouteCollection->{closure}('inicio')
 5 SYSTEMPATH\CodeIgniter.php(494): CodeIgniter\CodeIgniter->startController()
 6 SYSTEMPATH\CodeIgniter.php(354): CodeIgniter\CodeIgniter->handleRequest(null, Object(Config\Cache), false)
 7 SYSTEMPATH\Boot.php(363): CodeIgniter\CodeIgniter->run()
 8 SYSTEMPATH\Boot.php(68): CodeIgniter\Boot::runCodeIgniter(Object(CodeIgniter\CodeIgniter))
 9 FCPATH\index.php(59): CodeIgniter\Boot::bootWeb(Object(Config\Paths))
10 SYSTEMPATH\rewrite.php(44): require_once('C:\\xampp\\htdocs\\proyectos\\RENAP\\public\\index.php')
CRITICAL - 2025-09-26 01:44:40 --> CodeIgniter\View\Exceptions\ViewException: Invalid file: "inicio.html"
[Method: GET, Route: inicio.html]
in SYSTEMPATH\Exceptions\FrameworkException.php on line 39.
 1 SYSTEMPATH\View\View.php(214): CodeIgniter\Exceptions\FrameworkException::forInvalidFile('inicio.html')
 2 SYSTEMPATH\Common.php(1167): CodeIgniter\View\View->render('inicio.html', [], true)
 3 APPPATH\Config\Routes.php(65): view('inicio.html')
 4 SYSTEMPATH\CodeIgniter.php(875): CodeIgniter\Router\RouteCollection->{closure}('inicio')
 5 SYSTEMPATH\CodeIgniter.php(494): CodeIgniter\CodeIgniter->startController()
 6 SYSTEMPATH\CodeIgniter.php(354): CodeIgniter\CodeIgniter->handleRequest(null, Object(Config\Cache), false)
 7 SYSTEMPATH\Boot.php(363): CodeIgniter\CodeIgniter->run()
 8 SYSTEMPATH\Boot.php(68): CodeIgniter\Boot::runCodeIgniter(Object(CodeIgniter\CodeIgniter))
 9 FCPATH\index.php(59): CodeIgniter\Boot::bootWeb(Object(Config\Paths))
10 SYSTEMPATH\rewrite.php(44): require_once('C:\\xampp\\htdocs\\proyectos\\RENAP\\public\\index.php')
CRITICAL - 2025-09-26 01:45:17 --> CodeIgniter\View\Exceptions\ViewException: Invalid file: "inicio.html"
[Method: GET, Route: inicio.html]
in SYSTEMPATH\Exceptions\FrameworkException.php on line 39.
 1 SYSTEMPATH\View\View.php(214): CodeIgniter\Exceptions\FrameworkException::forInvalidFile('inicio.html')
 2 SYSTEMPATH\Common.php(1167): CodeIgniter\View\View->render('inicio.html', [], true)
 3 APPPATH\Config\Routes.php(65): view('inicio.html')
 4 SYSTEMPATH\CodeIgniter.php(875): CodeIgniter\Router\RouteCollection->{closure}('inicio')
 5 SYSTEMPATH\CodeIgniter.php(494): CodeIgniter\CodeIgniter->startController()
 6 SYSTEMPATH\CodeIgniter.php(354): CodeIgniter\CodeIgniter->handleRequest(null, Object(Config\Cache), false)
 7 SYSTEMPATH\Boot.php(363): CodeIgniter\CodeIgniter->run()
 8 SYSTEMPATH\Boot.php(68): CodeIgniter\Boot::runCodeIgniter(Object(CodeIgniter\CodeIgniter))
 9 FCPATH\index.php(59): CodeIgniter\Boot::bootWeb(Object(Config\Paths))
10 SYSTEMPATH\rewrite.php(44): require_once('C:\\xampp\\htdocs\\proyectos\\RENAP\\public\\index.php')
CRITICAL - 2025-09-26 01:45:19 --> CodeIgniter\View\Exceptions\ViewException: Invalid file: "inicio.html"
[Method: GET, Route: inicio.html]
in SYSTEMPATH\Exceptions\FrameworkException.php on line 39.
 1 SYSTEMPATH\View\View.php(214): CodeIgniter\Exceptions\FrameworkException::forInvalidFile('inicio.html')
 2 SYSTEMPATH\Common.php(1167): CodeIgniter\View\View->render('inicio.html', [], true)
 3 APPPATH\Config\Routes.php(65): view('inicio.html')
 4 SYSTEMPATH\CodeIgniter.php(875): CodeIgniter\Router\RouteCollection->{closure}('inicio')
 5 SYSTEMPATH\CodeIgniter.php(494): CodeIgniter\CodeIgniter->startController()
 6 SYSTEMPATH\CodeIgniter.php(354): CodeIgniter\CodeIgniter->handleRequest(null, Object(Config\Cache), false)
 7 SYSTEMPATH\Boot.php(363): CodeIgniter\CodeIgniter->run()
 8 SYSTEMPATH\Boot.php(68): CodeIgniter\Boot::runCodeIgniter(Object(CodeIgniter\CodeIgniter))
 9 FCPATH\index.php(59): CodeIgniter\Boot::bootWeb(Object(Config\Paths))
10 SYSTEMPATH\rewrite.php(44): require_once('C:\\xampp\\htdocs\\proyectos\\RENAP\\public\\index.php')
